<?xml version="1.0" encoding="UTF-8"?>
<testng-results ignored="0" total="4" passed="4" failed="0" skipped="0">
  <reporter-output>
  </reporter-output>
  <suite started-at="2024-05-03T21:45:18 IST" name="Suite" finished-at="2024-05-03T21:47:53 IST" duration-ms="155091">
    <groups>
    </groups>
    <test started-at="2024-05-03T21:45:18 IST" name="Test" finished-at="2024-05-03T21:47:53 IST" duration-ms="155091">
      <class name="com.rameshsoft.automation.appln.bussinessscripts.Insttest">
        <test-method is-config="true" signature="beforeTCExecution(java.lang.reflect.Method)[pri:0, instance:BaseTest()]" started-at="2024-05-03T21:45:24 IST" name="beforeTCExecution" finished-at="2024-05-03T21:45:24 IST" duration-ms="2" status="PASS">
          <params>
            <param index="0">
              <value>
                <![CDATA[public void com.rameshsoft.automation.appln.bussinessscripts.Insttest.insttest() throws java.io.IOException]]>
              </value>
            </param>
          </params>
          <reporter-output>
          </reporter-output>
        </test-method> <!-- beforeTCExecution -->
        <test-method signature="insttest()[pri:0, instance:BaseTest()]" started-at="2024-05-03T21:45:24 IST" name="insttest" finished-at="2024-05-03T21:47:45 IST" duration-ms="141131" status="PASS">
          <reporter-output>
          </reporter-output>
        </test-method> <!-- insttest -->
        <test-method is-config="true" signature="afterTCexecution(org.testng.ITestResult)[pri:0, instance:BaseTest()]" started-at="2024-05-03T21:47:45 IST" name="afterTCexecution" finished-at="2024-05-03T21:47:45 IST" duration-ms="35" status="PASS">
          <params>
            <param index="0">
              <value>
                <![CDATA[[TestResult name=insttest on BaseTest() status=SUCCESS method=Insttest.insttest()[pri:0, instance:BaseTest()] output={null}]]]>
              </value>
            </param>
          </params>
          <reporter-output>
          </reporter-output>
        </test-method> <!-- afterTCexecution -->
      </class> <!-- com.rameshsoft.automation.appln.bussinessscripts.Insttest -->
      <class name="com.rameshsoft.automation.appln.bussinessscripts.fbTest">
        <test-method is-config="true" signature="openBrowser(java.lang.String)[pri:0, instance:BaseTest()]" started-at="2024-05-03T21:45:12 IST" name="openBrowser" finished-at="2024-05-03T21:45:18 IST" duration-ms="6637" status="PASS">
          <params>
            <param index="0">
              <value>
                <![CDATA[chrome]]>
              </value>
            </param>
          </params>
          <reporter-output>
          </reporter-output>
        </test-method> <!-- openBrowser -->
        <test-method is-config="true" signature="initReports()[pri:0, instance:BaseTest()]" started-at="2024-05-03T21:45:18 IST" name="initReports" finished-at="2024-05-03T21:45:21 IST" duration-ms="2314" status="PASS">
          <reporter-output>
          </reporter-output>
        </test-method> <!-- initReports -->
        <test-method is-config="true" signature="beforeTCExecution(java.lang.reflect.Method)[pri:0, instance:BaseTest()]" started-at="2024-05-03T21:45:21 IST" name="beforeTCExecution" finished-at="2024-05-03T21:45:21 IST" duration-ms="7" status="PASS">
          <params>
            <param index="0">
              <value>
                <![CDATA[public void com.rameshsoft.automation.appln.bussinessscripts.fbTest.fbtest() throws java.io.IOException]]>
              </value>
            </param>
          </params>
          <reporter-output>
          </reporter-output>
        </test-method> <!-- beforeTCExecution -->
        <test-method signature="fbtest()[pri:0, instance:BaseTest()]" started-at="2024-05-03T21:45:21 IST" name="fbtest" finished-at="2024-05-03T21:45:23 IST" duration-ms="2176" status="PASS">
          <reporter-output>
          </reporter-output>
        </test-method> <!-- fbtest -->
        <test-method is-config="true" signature="afterTCexecution(org.testng.ITestResult)[pri:0, instance:BaseTest()]" started-at="2024-05-03T21:45:23 IST" name="afterTCexecution" finished-at="2024-05-03T21:45:24 IST" duration-ms="851" status="PASS">
          <params>
            <param index="0">
              <value>
                <![CDATA[[TestResult name=fbtest on BaseTest() status=SUCCESS method=fbTest.fbtest()[pri:0, instance:BaseTest()] output={null}]]]>
              </value>
            </param>
          </params>
          <reporter-output>
          </reporter-output>
        </test-method> <!-- afterTCexecution -->
        <test-method is-config="true" signature="closeReports()[pri:0, instance:BaseTest()]" started-at="2024-05-03T21:47:53 IST" name="closeReports" finished-at="2024-05-03T21:47:53 IST" duration-ms="25" status="PASS">
          <reporter-output>
          </reporter-output>
        </test-method> <!-- closeReports -->
        <test-method is-config="true" signature="closeBrowser()[pri:0, instance:BaseTest()]" started-at="2024-05-03T21:47:54 IST" name="closeBrowser" finished-at="2024-05-03T21:47:54 IST" duration-ms="362" status="PASS">
          <reporter-output>
          </reporter-output>
        </test-method> <!-- closeBrowser -->
      </class> <!-- com.rameshsoft.automation.appln.bussinessscripts.fbTest -->
      <class name="com.rameshsoft.automation.appln.bussinessscripts.GmailTest">
        <test-method is-config="true" signature="beforeTCExecution(java.lang.reflect.Method)[pri:0, instance:BaseTest()]" started-at="2024-05-03T21:47:45 IST" name="beforeTCExecution" finished-at="2024-05-03T21:47:45 IST" duration-ms="0" status="PASS">
          <params>
            <param index="0">
              <value>
                <![CDATA[public void com.rameshsoft.automation.appln.bussinessscripts.GmailTest.gmailtest() throws java.io.IOException]]>
              </value>
            </param>
          </params>
          <reporter-output>
          </reporter-output>
        </test-method> <!-- beforeTCExecution -->
        <test-method signature="gmailtest()[pri:0, instance:BaseTest()]" started-at="2024-05-03T21:47:45 IST" name="gmailtest" finished-at="2024-05-03T21:47:49 IST" duration-ms="4397" status="PASS">
          <reporter-output>
          </reporter-output>
        </test-method> <!-- gmailtest -->
        <test-method is-config="true" signature="afterTCexecution(org.testng.ITestResult)[pri:0, instance:BaseTest()]" started-at="2024-05-03T21:47:49 IST" name="afterTCexecution" finished-at="2024-05-03T21:47:49 IST" duration-ms="33" status="PASS">
          <params>
            <param index="0">
              <value>
                <![CDATA[[TestResult name=gmailtest on BaseTest() status=SUCCESS method=GmailTest.gmailtest()[pri:0, instance:BaseTest()] output={null}]]]>
              </value>
            </param>
          </params>
          <reporter-output>
          </reporter-output>
        </test-method> <!-- afterTCexecution -->
      </class> <!-- com.rameshsoft.automation.appln.bussinessscripts.GmailTest -->
      <class name="com.rameshsoft.automation.appln.bussinessscripts.FpTest">
        <test-method is-config="true" signature="beforeTCExecution(java.lang.reflect.Method)[pri:0, instance:BaseTest()]" started-at="2024-05-03T21:47:49 IST" name="beforeTCExecution" finished-at="2024-05-03T21:47:49 IST" duration-ms="1" status="PASS">
          <params>
            <param index="0">
              <value>
                <![CDATA[public void com.rameshsoft.automation.appln.bussinessscripts.FpTest.fptest() throws java.io.IOException]]>
              </value>
            </param>
          </params>
          <reporter-output>
          </reporter-output>
        </test-method> <!-- beforeTCExecution -->
        <test-method signature="fptest()[pri:0, instance:BaseTest()]" started-at="2024-05-03T21:47:49 IST" name="fptest" finished-at="2024-05-03T21:47:53 IST" duration-ms="4022" status="PASS">
          <reporter-output>
          </reporter-output>
        </test-method> <!-- fptest -->
        <test-method is-config="true" signature="afterTCexecution(org.testng.ITestResult)[pri:0, instance:BaseTest()]" started-at="2024-05-03T21:47:53 IST" name="afterTCexecution" finished-at="2024-05-03T21:47:53 IST" duration-ms="26" status="PASS">
          <params>
            <param index="0">
              <value>
                <![CDATA[[TestResult name=fptest on BaseTest() status=SUCCESS method=FpTest.fptest()[pri:0, instance:BaseTest()] output={null}]]]>
              </value>
            </param>
          </params>
          <reporter-output>
          </reporter-output>
        </test-method> <!-- afterTCexecution -->
      </class> <!-- com.rameshsoft.automation.appln.bussinessscripts.FpTest -->
    </test> <!-- Test -->
  </suite> <!-- Suite -->
</testng-results>
