<?xml version="1.0" encoding="UTF-8"?>
<!-- Generated by org.testng.reporters.JUnitXMLReporter -->
<testsuite ignored="12" hostname="DESKTOP-VL8T50A" failures="0" tests="4" name="Test" time="155.091" errors="0" timestamp="2024-05-03T21:47:53 IST">
  <testcase classname="com.rameshsoft.automation.appln.bussinessscripts.fbTest" name="fbtest on BaseTest()" time="2.176"/>
  <testcase classname="com.rameshsoft.automation.appln.bussinessscripts.Insttest" name="insttest on BaseTest()" time="141.131"/>
  <testcase classname="com.rameshsoft.automation.appln.bussinessscripts.GmailTest" name="gmailtest on BaseTest()" time="4.397"/>
  <testcase classname="com.rameshsoft.automation.appln.bussinessscripts.FpTest" name="fptest on BaseTest()" time="4.022"/>
  <testcase classname="com.rameshsoft.automation.basepackage.BaseTest" name="@BeforeTest initReports" time="0.0">
    <ignored/>
  </testcase> <!-- @BeforeTest initReports -->
  <testcase classname="com.rameshsoft.automation.basepackage.BaseTest" name="@AfterTest closeReports" time="0.0">
    <ignored/>
  </testcase> <!-- @AfterTest closeReports -->
  <testcase classname="com.rameshsoft.automation.basepackage.BaseTest" name="@BeforeSuite openBrowser" time="0.0">
    <ignored/>
  </testcase> <!-- @BeforeSuite openBrowser -->
  <testcase classname="com.rameshsoft.automation.basepackage.BaseTest" name="@BeforeSuite openBrowser" time="0.0">
    <ignored/>
  </testcase> <!-- @BeforeSuite openBrowser -->
  <testcase classname="com.rameshsoft.automation.basepackage.BaseTest" name="@BeforeTest initReports" time="0.0">
    <ignored/>
  </testcase> <!-- @BeforeTest initReports -->
  <testcase classname="com.rameshsoft.automation.basepackage.BaseTest" name="@AfterTest closeReports" time="0.0">
    <ignored/>
  </testcase> <!-- @AfterTest closeReports -->
  <testcase classname="com.rameshsoft.automation.basepackage.BaseTest" name="@AfterSuite closeBrowser" time="0.0">
    <ignored/>
  </testcase> <!-- @AfterSuite closeBrowser -->
  <testcase classname="com.rameshsoft.automation.basepackage.BaseTest" name="@BeforeSuite openBrowser" time="0.0">
    <ignored/>
  </testcase> <!-- @BeforeSuite openBrowser -->
  <testcase classname="com.rameshsoft.automation.basepackage.BaseTest" name="@AfterSuite closeBrowser" time="0.0">
    <ignored/>
  </testcase> <!-- @AfterSuite closeBrowser -->
  <testcase classname="com.rameshsoft.automation.basepackage.BaseTest" name="@BeforeTest initReports" time="0.0">
    <ignored/>
  </testcase> <!-- @BeforeTest initReports -->
  <testcase classname="com.rameshsoft.automation.basepackage.BaseTest" name="@AfterTest closeReports" time="0.0">
    <ignored/>
  </testcase> <!-- @AfterTest closeReports -->
  <testcase classname="com.rameshsoft.automation.basepackage.BaseTest" name="@AfterSuite closeBrowser" time="0.0">
    <ignored/>
  </testcase> <!-- @AfterSuite closeBrowser -->
</testsuite> <!-- Test -->
